[2021-03-08 14:10:36,397] {taskinstance.py:851} INFO - Dependencies all met for <TaskInstance: FOOTBAL_LEAGUES.UPLOAD_STAGE 2021-03-08T14:10:05.013722+00:00 [queued]>
[2021-03-08 14:10:36,409] {taskinstance.py:851} INFO - Dependencies all met for <TaskInstance: FOOTBAL_LEAGUES.UPLOAD_STAGE 2021-03-08T14:10:05.013722+00:00 [queued]>
[2021-03-08 14:10:36,410] {taskinstance.py:1042} INFO - 
--------------------------------------------------------------------------------
[2021-03-08 14:10:36,410] {taskinstance.py:1043} INFO - Starting attempt 1 of 2
[2021-03-08 14:10:36,410] {taskinstance.py:1044} INFO - 
--------------------------------------------------------------------------------
[2021-03-08 14:10:36,424] {taskinstance.py:1063} INFO - Executing <Task(PythonOperator): UPLOAD_STAGE> on 2021-03-08T14:10:05.013722+00:00
[2021-03-08 14:10:36,436] {standard_task_runner.py:76} INFO - Running: ['airflow', 'tasks', 'run', 'FOOTBAL_LEAGUES', 'UPLOAD_STAGE', '2021-03-08T14:10:05.013722+00:00', '--job-id', '4', '--pool', 'default_pool', '--raw', '--subdir', 'DAGS_FOLDER/liga_premier.py', '--cfg-path', '/tmp/tmp59l3jww2', '--error-file', '/tmp/tmp4i2_30su']
[2021-03-08 14:10:36,436] {standard_task_runner.py:77} INFO - Job 4: Subtask UPLOAD_STAGE
[2021-03-08 14:10:36,430] {standard_task_runner.py:52} INFO - Started process 203 to run task
[2021-03-08 14:10:36,480] {logging_mixin.py:104} INFO - Running <TaskInstance: FOOTBAL_LEAGUES.UPLOAD_STAGE 2021-03-08T14:10:05.013722+00:00 [running]> on host f98f93e4be58
[2021-03-08 14:10:36,525] {taskinstance.py:1257} INFO - Exporting the following env vars:
AIRFLOW_CTX_DAG_EMAIL=yolonella2809@gmail.com
AIRFLOW_CTX_DAG_OWNER=Alexbonella
AIRFLOW_CTX_DAG_ID=FOOTBAL_LEAGUES
AIRFLOW_CTX_TASK_ID=UPLOAD_STAGE
AIRFLOW_CTX_EXECUTION_DATE=2021-03-08T14:10:05.013722+00:00
AIRFLOW_CTX_DAG_RUN_ID=manual__2021-03-08T14:10:05.013722+00:00
[2021-03-08 14:10:36,536] {cursor.py:557} INFO - query: [put file:///opt/airflow/premier_positions.csv @STAGE_PREUPLOAD auto_compress=tru...]
[2021-03-08 14:10:36,750] {cursor.py:572} INFO - query execution done
[2021-03-08 14:10:37,449] {logging_mixin.py:104} INFO - UPLOAD TO STAGE SUCCESS
[2021-03-08 14:10:37,450] {python.py:118} INFO - Done. Returned value was: None
[2021-03-08 14:10:37,462] {taskinstance.py:1166} INFO - Marking task as SUCCESS. dag_id=FOOTBAL_LEAGUES, task_id=UPLOAD_STAGE, execution_date=20210308T141005, start_date=20210308T141036, end_date=20210308T141037
[2021-03-08 14:10:37,495] {taskinstance.py:1220} INFO - 1 downstream tasks scheduled from follow-on schedule check
[2021-03-08 14:10:37,535] {local_task_job.py:146} INFO - Task exited with return code 0
