[2021-03-08 14:10:10,332] {taskinstance.py:851} INFO - Dependencies all met for <TaskInstance: FOOTBAL_LEAGUES.CONNECTION_SUCCESS 2021-03-08T14:10:05.013722+00:00 [queued]>
[2021-03-08 14:10:10,344] {taskinstance.py:851} INFO - Dependencies all met for <TaskInstance: FOOTBAL_LEAGUES.CONNECTION_SUCCESS 2021-03-08T14:10:05.013722+00:00 [queued]>
[2021-03-08 14:10:10,345] {taskinstance.py:1042} INFO - 
--------------------------------------------------------------------------------
[2021-03-08 14:10:10,345] {taskinstance.py:1043} INFO - Starting attempt 1 of 2
[2021-03-08 14:10:10,346] {taskinstance.py:1044} INFO - 
--------------------------------------------------------------------------------
[2021-03-08 14:10:10,360] {taskinstance.py:1063} INFO - Executing <Task(PythonOperator): CONNECTION_SUCCESS> on 2021-03-08T14:10:05.013722+00:00
[2021-03-08 14:10:10,370] {standard_task_runner.py:76} INFO - Running: ['airflow', 'tasks', 'run', 'FOOTBAL_LEAGUES', 'CONNECTION_SUCCESS', '2021-03-08T14:10:05.013722+00:00', '--job-id', '2', '--pool', 'default_pool', '--raw', '--subdir', 'DAGS_FOLDER/liga_premier.py', '--cfg-path', '/tmp/tmphofzfksm', '--error-file', '/tmp/tmp31wx1zua']
[2021-03-08 14:10:10,364] {standard_task_runner.py:52} INFO - Started process 105 to run task
[2021-03-08 14:10:10,371] {standard_task_runner.py:77} INFO - Job 2: Subtask CONNECTION_SUCCESS
[2021-03-08 14:10:10,422] {logging_mixin.py:104} INFO - Running <TaskInstance: FOOTBAL_LEAGUES.CONNECTION_SUCCESS 2021-03-08T14:10:05.013722+00:00 [running]> on host f98f93e4be58
[2021-03-08 14:10:10,461] {taskinstance.py:1257} INFO - Exporting the following env vars:
AIRFLOW_CTX_DAG_EMAIL=yolonella2809@gmail.com
AIRFLOW_CTX_DAG_OWNER=Alexbonella
AIRFLOW_CTX_DAG_ID=FOOTBAL_LEAGUES
AIRFLOW_CTX_TASK_ID=CONNECTION_SUCCESS
AIRFLOW_CTX_EXECUTION_DATE=2021-03-08T14:10:05.013722+00:00
AIRFLOW_CTX_DAG_RUN_ID=manual__2021-03-08T14:10:05.013722+00:00
[2021-03-08 14:10:10,465] {logging_mixin.py:104} INFO - This is my Database : POSICIONES
[2021-03-08 14:10:10,465] {logging_mixin.py:104} INFO - 
 This my Schema : PUBLIC
[2021-03-08 14:10:10,466] {logging_mixin.py:104} INFO - 
 Conection SUCCESS !!!!
[2021-03-08 14:10:10,466] {python.py:118} INFO - Done. Returned value was: None
[2021-03-08 14:10:10,477] {taskinstance.py:1166} INFO - Marking task as SUCCESS. dag_id=FOOTBAL_LEAGUES, task_id=CONNECTION_SUCCESS, execution_date=20210308T141005, start_date=20210308T141010, end_date=20210308T141010
[2021-03-08 14:10:10,528] {taskinstance.py:1220} INFO - 1 downstream tasks scheduled from follow-on schedule check
[2021-03-08 14:10:10,545] {local_task_job.py:146} INFO - Task exited with return code 0
