[2021-03-08 14:10:13,739] {taskinstance.py:851} INFO - Dependencies all met for <TaskInstance: FOOTBAL_LEAGUES.EXTRACTING_DATA 2021-03-08T14:10:05.013722+00:00 [queued]>
[2021-03-08 14:10:13,752] {taskinstance.py:851} INFO - Dependencies all met for <TaskInstance: FOOTBAL_LEAGUES.EXTRACTING_DATA 2021-03-08T14:10:05.013722+00:00 [queued]>
[2021-03-08 14:10:13,752] {taskinstance.py:1042} INFO - 
--------------------------------------------------------------------------------
[2021-03-08 14:10:13,752] {taskinstance.py:1043} INFO - Starting attempt 1 of 2
[2021-03-08 14:10:13,753] {taskinstance.py:1044} INFO - 
--------------------------------------------------------------------------------
[2021-03-08 14:10:13,766] {taskinstance.py:1063} INFO - Executing <Task(PythonOperator): EXTRACTING_DATA> on 2021-03-08T14:10:05.013722+00:00
[2021-03-08 14:10:13,776] {standard_task_runner.py:76} INFO - Running: ['airflow', 'tasks', 'run', 'FOOTBAL_LEAGUES', 'EXTRACTING_DATA', '2021-03-08T14:10:05.013722+00:00', '--job-id', '3', '--pool', 'default_pool', '--raw', '--subdir', 'DAGS_FOLDER/liga_premier.py', '--cfg-path', '/tmp/tmp2r32qf1h', '--error-file', '/tmp/tmpkv55ci14']
[2021-03-08 14:10:13,771] {standard_task_runner.py:52} INFO - Started process 154 to run task
[2021-03-08 14:10:13,777] {standard_task_runner.py:77} INFO - Job 3: Subtask EXTRACTING_DATA
[2021-03-08 14:10:13,823] {logging_mixin.py:104} INFO - Running <TaskInstance: FOOTBAL_LEAGUES.EXTRACTING_DATA 2021-03-08T14:10:05.013722+00:00 [running]> on host f98f93e4be58
[2021-03-08 14:10:13,868] {taskinstance.py:1257} INFO - Exporting the following env vars:
AIRFLOW_CTX_DAG_EMAIL=yolonella2809@gmail.com
AIRFLOW_CTX_DAG_OWNER=Alexbonella
AIRFLOW_CTX_DAG_ID=FOOTBAL_LEAGUES
AIRFLOW_CTX_TASK_ID=EXTRACTING_DATA
AIRFLOW_CTX_EXECUTION_DATE=2021-03-08T14:10:05.013722+00:00
AIRFLOW_CTX_DAG_RUN_ID=manual__2021-03-08T14:10:05.013722+00:00
[2021-03-08 14:10:33,554] {python.py:118} INFO - Done. Returned value was: None
[2021-03-08 14:10:33,583] {taskinstance.py:1166} INFO - Marking task as SUCCESS. dag_id=FOOTBAL_LEAGUES, task_id=EXTRACTING_DATA, execution_date=20210308T141005, start_date=20210308T141013, end_date=20210308T141033
[2021-03-08 14:10:33,628] {taskinstance.py:1220} INFO - 0 downstream tasks scheduled from follow-on schedule check
[2021-03-08 14:10:33,655] {local_task_job.py:146} INFO - Task exited with return code 0
